<?xml version="1.0" encoding="UTF-8"?>
<!-- Generated by org.testng.reporters.JUnitReportReporter -->
<testsuite skipped="0" hostname="USPIT-LT1068" name="com.util.BaseTestClass" tests="1" failures="0" timestamp="2021-09-06T17:21:18 IST" time="0.004" errors="0">
  <testcase name="test" time="0.004" classname="com.util.BaseTestClass"/>
</testsuite> <!-- com.util.BaseTestClass -->
